<?xml version="1.0" encoding="UTF-8"?>
<!-- Generated by org.testng.reporters.JUnitReportReporter -->
<testsuite skipped="0" hostname="BDC7-D-5YNGXH2" name="Maven.KeyboardAction" tests="1" failures="0" timestamp="19 May 2018 07:17:36 GMT" time="42.765" errors="0">
  <testcase name="testClearTrip" time="42.765" classname="Maven.KeyboardAction"/>
</testsuite> <!-- Maven.KeyboardAction -->
