<?xml version="1.0" encoding="UTF-8"?>
<!-- Generated by org.testng.reporters.JUnitReportReporter -->
<testsuite skipped="0" hostname="BDC7-D-5YNGXH2" name="Maven.NewTest4" tests="1" failures="0" timestamp="19 May 2018 09:53:10 GMT" time="33.722" errors="0">
  <testcase name="testHDFC" time="33.722" classname="Maven.NewTest4"/>
</testsuite> <!-- Maven.NewTest4 -->
